2025-04-28 17:11:00,295 - INFO - Запуск CPU Profile Tuner
2025-04-28 17:11:00,567 - INFO - Инициализация HardwareMonitorService
2025-04-28 17:11:00,635 - INFO - Найдены ACPI датчики температуры
2025-04-28 17:11:00,638 - WARNING - OpenHardwareMonitor недоступен: <x_wmi: Unexpected COM Error (-2147217394, 'OLE error 0x8004100e', None, None)>
2025-04-28 17:11:03,128 - INFO - CPU: 12th Gen Intel(R) Core(TM) i5-12450H
2025-04-28 17:11:03,330 - INFO - Оценка TDP: 65W для 12th Gen Intel(R) Core(TM) i5-12450H
2025-04-28 17:11:03,330 - INFO - Тестовое чтение данных: temp=0.1°C, power=2.0W, load=3.9%
2025-04-28 17:11:03,331 - INFO - BiosService инициализирован. SCEWIN: C:\Users\Professional\Desktop\Утилиты\Тюнер\SCEWIN_x64.exe
2025-04-28 17:11:03,407 - INFO - Создан бэкап настроек BIOS в C:\Users\PROFES~1\AppData\Local\Temp\bios_backup.txt
2025-04-28 17:11:03,408 - INFO - TuningEngine инициализирован
2025-04-28 17:11:25,865 - INFO - === Запуск процесса тюнинга CPU ===
2025-04-28 17:11:25,866 - INFO - Получение информации о CPU...
2025-04-28 17:11:26,087 - INFO - Чтение текущих настроек BIOS...
2025-04-28 17:11:26,511 - INFO - PL1 не найден, используется оценка: 65W
2025-04-28 17:11:26,512 - INFO - PL2 не найден, используется оценка: 81.25W
2025-04-28 17:11:26,708 - INFO - Параметры смещения напряжения не найдены
2025-04-28 17:11:26,709 - INFO - Инициализирован профиль CPU: PL1=65W, PL2=81.25W, Offset=0mV
2025-04-28 17:11:26,709 - INFO - Выполнение базового замера производительности...
2025-04-28 17:11:26,711 - INFO - Запуск стресс-теста на 120 секунд...
2025-04-28 17:11:50,665 - INFO - Прогресс: 20/120 сек, температура: 0.1°C, нагрузка: 11%
2025-04-28 17:12:00,625 - INFO - Прогресс: 30/120 сек, температура: 0.1°C, нагрузка: 13%
2025-04-28 17:12:10,983 - INFO - Прогресс: 40/120 сек, температура: 0.1°C, нагрузка: 12%
2025-04-28 17:12:30,644 - INFO - Прогресс: 60/120 сек, температура: 0.1°C, нагрузка: 11%
2025-04-28 17:12:40,997 - INFO - Прогресс: 70/120 сек, температура: 0.1°C, нагрузка: 14%
2025-04-28 17:13:00,509 - INFO - Прогресс: 90/120 сек, температура: 0.1°C, нагрузка: 18%
2025-04-28 17:13:11,385 - INFO - Прогресс: 100/120 сек, температура: 0.1°C, нагрузка: 22%
2025-04-28 17:13:21,444 - INFO - Прогресс: 110/120 сек, температура: 0.1°C, нагрузка: 14%
2025-04-28 17:13:40,474 - INFO - Прогресс: 130/120 сек, температура: 0.1°C, нагрузка: 17%
2025-04-28 17:13:51,020 - INFO - Прогресс: 140/120 сек, температура: 0.1°C, нагрузка: 33%
2025-04-28 17:14:11,385 - INFO - Прогресс: 160/120 сек, температура: 0.1°C, нагрузка: 23%
2025-04-28 17:14:21,362 - INFO - Прогресс: 170/120 сек, температура: 0.1°C, нагрузка: 20%
2025-04-28 17:14:31,436 - INFO - Прогресс: 180/120 сек, температура: 0.1°C, нагрузка: 11%
2025-04-28 17:14:40,726 - INFO - Прогресс: 190/120 сек, температура: 0.1°C, нагрузка: 22%
2025-04-28 17:14:45,599 - INFO - Стресс-тест завершен: 11805946 оп/сек, макс. температура 0.1°C, средняя частота CPU 2000 МГц
2025-04-28 17:14:45,608 - INFO - Базовый результат: 11805946 оп/сек при максимальной температуре 0.1°C
2025-04-28 17:14:45,612 - INFO - Сохранена точка восстановления: checkpoint_baseline_20250428_171445.json
2025-04-28 17:14:45,612 - INFO - Анализ доступных параметров BIOS...
2025-04-28 17:14:45,613 - INFO - Парсинг всех настроек BIOS
2025-04-28 17:14:45,830 - INFO - Найдено 0 параметров BIOS
2025-04-28 17:14:45,830 - INFO - Обнаружены следующие категории параметров производительности:
2025-04-28 17:14:45,831 - INFO - ⚠️ Не найдены параметры лимитов мощности CPU
2025-04-28 17:14:45,832 - INFO - ⚠️ Не найдены параметры напряжения CPU
2025-04-28 17:14:45,840 - INFO - Парсинг всех настроек BIOS
2025-04-28 17:14:45,915 - INFO - Найдено 0 параметров BIOS
2025-04-28 17:14:45,915 - INFO - Найдены следующие параметры XMP/DOCP: []
2025-04-28 17:14:45,915 - INFO - Парсинг всех настроек BIOS
2025-04-28 17:14:46,000 - INFO - Найдено 0 параметров BIOS
2025-04-28 17:14:46,000 - INFO - Найдены следующие параметры C-States: []
2025-04-28 17:14:46,001 - INFO - Анализ BIOS завершен. Всего найдено 0 параметров
2025-04-28 17:14:46,003 - INFO - Сохранена точка восстановления: checkpoint_analysis_20250428_171446.json
2025-04-28 17:14:46,004 - INFO - === Начало андервольтинга CPU ===
2025-04-28 17:14:46,007 - INFO - Парсинг всех настроек BIOS
2025-04-28 17:14:46,092 - INFO - Найдено 0 параметров BIOS
2025-04-28 17:14:46,093 - INFO - Найдены следующие параметры напряжения: []
2025-04-28 17:14:46,093 - INFO - Параметры напряжения CPU не найдены, пропуск этапа андервольтинга
2025-04-28 17:14:46,095 - INFO - Сохранена точка восстановления: checkpoint_undervolt_20250428_171446.json
2025-04-28 17:14:46,095 - INFO - === Начало оптимизации лимитов мощности CPU ===
2025-04-28 17:14:46,096 - INFO - Парсинг всех настроек BIOS
2025-04-28 17:14:46,166 - INFO - Найдено 0 параметров BIOS
2025-04-28 17:14:46,166 - INFO - Найдены следующие параметры лимитов мощности: []
2025-04-28 17:14:46,166 - INFO - Параметры лимитов мощности не найдены, пропуск этапа
2025-04-28 17:14:46,167 - INFO - Сохранена точка восстановления: checkpoint_power_limits_20250428_171446.json
2025-04-28 17:14:46,168 - INFO - === Начало оптимизации C-States ===
2025-04-28 17:14:46,169 - INFO - Парсинг всех настроек BIOS
2025-04-28 17:14:46,234 - INFO - Найдено 0 параметров BIOS
2025-04-28 17:14:46,234 - INFO - Найдены следующие параметры C-States: []
2025-04-28 17:14:46,234 - INFO - Параметры C-States не найдены, пропуск этапа
2025-04-28 17:14:46,235 - INFO - Сохранена точка восстановления: checkpoint_cstates_20250428_171446.json
2025-04-28 17:14:46,235 - INFO - === Проверка профилей памяти (XMP/DOCP) ===
2025-04-28 17:14:46,236 - INFO - Парсинг всех настроек BIOS
2025-04-28 17:14:46,303 - INFO - Найдено 0 параметров BIOS
2025-04-28 17:14:46,303 - INFO - Найдены следующие параметры XMP/DOCP: []
2025-04-28 17:14:46,303 - INFO - Профили памяти XMP/DOCP не найдены, пропуск этапа
2025-04-28 17:14:46,305 - INFO - Сохранена точка восстановления: checkpoint_memory_20250428_171446.json
2025-04-28 17:14:46,305 - INFO - === Финализация оптимизированного профиля ===
2025-04-28 17:14:46,308 - INFO - Запуск финального стресс-теста для проверки стабильности...
2025-04-28 17:14:46,309 - INFO - Запуск стресс-теста на 180 секунд...
